{
  "timestamp": "2026-02-15 12:35:27",
  "test_suites": {
    "文件上传功能测试": {
      "total": 10,
      "passed": 8,
      "failed": 2,
      "errors": 0,
      "success_rate": 80.0,
      "output": "============================= test session starts =============================\nplatform win32 -- Python 3.13.5, pytest-9.0.2, pluggy-1.6.0 -- C:\\Program Files\\Python313\\python.exe\ncachedir: .pytest_cache\nrootdir: D:\\myproject\\qms-nexus\nplugins: anyio-4.12.1, langsmith-0.6.8, asyncio-1.3.0, cov-7.0.0, mock-3.15.1\nasyncio: mode=Mode.STRICT, debug=False, asyncio_default_fixture_loop_scope=None, asyncio_default_test_loop_scope=function\ncollecting ... collected 9 items\n\ntests/integration/test_system_upload_qa.py::TestFileUploadSystem::test_normal_pdf_upload_success PASSED [ 11%]\ntests/integration/test_system_upload_qa.py::TestFileUploadSystem::test_word_document_upload_success PASSED [ 22%]\ntests/integration/test_system_upload_qa.py::TestFileUploadSystem::test_excel_file_upload_success PASSED [ 33%]\ntests/integration/test_system_upload_qa.py::TestFileUploadSystem::test_oversized_file_upload_failure PASSED [ 44%]\ntests/integration/test_system_upload_qa.py::TestFileUploadSystem::test_invalid_file_format_upload_failure PASSED [ 55%]\ntests/integration/test_system_upload_qa.py::TestFileUploadSystem::test_concurrent_upload_stress_test PASSED [ 66%]\ntests/integration/test_system_upload_qa.py::TestFileUploadSystem::test_upload_progress_and_status_tracking PASSED [ 77%]\ntests/integration/test_system_upload_qa.py::TestFileUploadSystem::test_upload_with_network_interruption_simulation PASSED [ 88%]\ntests/integration/test_system_upload_qa.py::TestFileUploadSystem::test_upload_document_list_auto_refresh FAILED [100%]\n\n================================== FAILURES ===================================\n_________ TestFileUploadSystem.test_upload_document_list_auto_refresh _________\ntests\\integration\\test_system_upload_qa.py:213: in test_upload_document_list_auto_refresh\n    assert found_new_doc, \"新上传的文档应该能被搜索到\"\nE   AssertionError: 新上传的文档应该能被搜索到\nE   assert False\n============================== warnings summary ===============================\ncore\\config.py:7\n  D:\\myproject\\qms-nexus\\core\\config.py:7: PydanticDeprecatedSince20: Support for class-based `config` is deprecated, use ConfigDict instead. Deprecated in Pydantic V2.0 to be removed in V3.0. See Pydantic V2 Migration Guide at https://errors.pydantic.dev/2.12/migration/\n    class Settings(BaseSettings):\n\ntests/integration/test_system_upload_qa.py::TestFileUploadSystem::test_upload_with_network_interruption_simulation\n  C:\\Users\\陈宝丰\\AppData\\Roaming\\Python\\Python313\\site-packages\\starlette\\testclient.py:439: DeprecationWarning: You should not use the 'timeout' argument with the TestClient. See https://github.com/Kludex/starlette/issues/1108 for more information.\n    warnings.warn(\n\n-- Docs: https://docs.pytest.org/en/stable/how-to/capture-warnings.html\n=========================== short test summary info ===========================\nFAILED tests/integration/test_system_upload_qa.py::TestFileUploadSystem::test_upload_document_list_auto_refresh\n================== 1 failed, 8 passed, 2 warnings in 10.78s ===================\n",
      "return_code": 1,
      "status": "❌ 失败"
    },
    "文档管理功能测试": {
      "total": 8,
      "passed": 1,
      "failed": 0,
      "errors": 7,
      "success_rate": 12.5,
      "output": "============================= test session starts =============================\nplatform win32 -- Python 3.13.5, pytest-9.0.2, pluggy-1.6.0 -- C:\\Program Files\\Python313\\python.exe\ncachedir: .pytest_cache\nrootdir: D:\\myproject\\qms-nexus\nplugins: anyio-4.12.1, langsmith-0.6.8, asyncio-1.3.0, cov-7.0.0, mock-3.15.1\nasyncio: mode=Mode.STRICT, debug=False, asyncio_default_fixture_loop_scope=None, asyncio_default_test_loop_scope=function\ncollecting ... collected 3 items\n\ntests/integration/test_system_upload_qa.py::TestDocumentManagementSystem::test_document_list_display_and_pagination PASSED [ 33%]\ntests/integration/test_system_upload_qa.py::TestDocumentManagementSystem::test_document_search_functionality ERROR [ 66%]\ntests/integration/test_system_upload_qa.py::TestDocumentManagementSystem::test_document_deletion_functionality ERROR [100%]\n\n=================================== ERRORS ====================================\n_ ERROR at setup of TestDocumentManagementSystem.test_document_search_functionality _\nfile D:\\myproject\\qms-nexus\\tests\\integration\\test_system_upload_qa.py, line 234\n      def test_document_search_functionality(self, test_files: Dict[str, bytes]):\nE       fixture 'test_files' not found\n>       available fixtures: _class_scoped_runner, _function_scoped_runner, _module_scoped_runner, _package_scoped_runner, _session_scoped_runner, anyio_backend, anyio_backend_name, anyio_backend_options, cache, capfd, capfdbinary, caplog, capsys, capsysbinary, capteesys, class_mocker, cov, doctest_namespace, event_loop_policy, free_tcp_port, free_tcp_port_factory, free_udp_port, free_udp_port_factory, mock_embeddings, mock_llm_response, mocker, module_mocker, monkeypatch, no_cover, package_mocker, pytestconfig, record_property, record_testsuite_property, record_xml_attribute, recwarn, sample_pdf_path, session_mocker, subtests, test_client, test_data_dir, test_rag_service, test_vector_collection_name, test_vector_store, tmp_path, tmp_path_factory, tmpdir, tmpdir_factory, unused_tcp_port, unused_tcp_port_factory, unused_udp_port, unused_udp_port_factory\n>       use 'pytest --fixtures [testpath]' for help on them.\n\nD:\\myproject\\qms-nexus\\tests\\integration\\test_system_upload_qa.py:234\n_ ERROR at setup of TestDocumentManagementSystem.test_document_deletion_functionality _\nfile D:\\myproject\\qms-nexus\\tests\\integration\\test_system_upload_qa.py, line 265\n      def test_document_deletion_functionality(self, test_files: Dict[str, bytes]):\nE       fixture 'test_files' not found\n>       available fixtures: _class_scoped_runner, _function_scoped_runner, _module_scoped_runner, _package_scoped_runner, _session_scoped_runner, anyio_backend, anyio_backend_name, anyio_backend_options, cache, capfd, capfdbinary, caplog, capsys, capsysbinary, capteesys, class_mocker, cov, doctest_namespace, event_loop_policy, free_tcp_port, free_tcp_port_factory, free_udp_port, free_udp_port_factory, mock_embeddings, mock_llm_response, mocker, module_mocker, monkeypatch, no_cover, package_mocker, pytestconfig, record_property, record_testsuite_property, record_xml_attribute, recwarn, sample_pdf_path, session_mocker, subtests, test_client, test_data_dir, test_rag_service, test_vector_collection_name, test_vector_store, tmp_path, tmp_path_factory, tmpdir, tmpdir_factory, unused_tcp_port, unused_tcp_port_factory, unused_udp_port, unused_udp_port_factory\n>       use 'pytest --fixtures [testpath]' for help on them.\n\nD:\\myproject\\qms-nexus\\tests\\integration\\test_system_upload_qa.py:265\n============================== warnings summary ===============================\ncore\\config.py:7\n  D:\\myproject\\qms-nexus\\core\\config.py:7: PydanticDeprecatedSince20: Support for class-based `config` is deprecated, use ConfigDict instead. Deprecated in Pydantic V2.0 to be removed in V3.0. See Pydantic V2 Migration Guide at https://errors.pydantic.dev/2.12/migration/\n    class Settings(BaseSettings):\n\n-- Docs: https://docs.pytest.org/en/stable/how-to/capture-warnings.html\n=========================== short test summary info ===========================\nERROR tests/integration/test_system_upload_qa.py::TestDocumentManagementSystem::test_document_search_functionality\nERROR tests/integration/test_system_upload_qa.py::TestDocumentManagementSystem::test_document_deletion_functionality\n=================== 1 passed, 1 warning, 2 errors in 0.53s ====================\n",
      "return_code": 1,
      "status": "⚠️ 异常"
    },
    "智能问答功能测试": {
      "total": 4,
      "passed": 4,
      "failed": 0,
      "errors": 0,
      "success_rate": 100.0,
      "output": "============================= test session starts =============================\nplatform win32 -- Python 3.13.5, pytest-9.0.2, pluggy-1.6.0 -- C:\\Program Files\\Python313\\python.exe\ncachedir: .pytest_cache\nrootdir: D:\\myproject\\qms-nexus\nplugins: anyio-4.12.1, langsmith-0.6.8, asyncio-1.3.0, cov-7.0.0, mock-3.15.1\nasyncio: mode=Mode.STRICT, debug=False, asyncio_default_fixture_loop_scope=None, asyncio_default_test_loop_scope=function\ncollecting ... collected 4 items\n\ntests/integration/test_system_upload_qa.py::TestIntelligentQASystem::test_single_turn_qa_accuracy PASSED [ 25%]\ntests/integration/test_system_upload_qa.py::TestIntelligentQASystem::test_multi_turn_qa_context_consistency PASSED [ 50%]\ntests/integration/test_system_upload_qa.py::TestIntelligentQASystem::test_qa_no_relevant_documents_handling PASSED [ 75%]\ntests/integration/test_system_upload_qa.py::TestIntelligentQASystem::test_qa_response_time_performance PASSED [100%]\n\n============================== warnings summary ===============================\ncore\\config.py:7\n  D:\\myproject\\qms-nexus\\core\\config.py:7: PydanticDeprecatedSince20: Support for class-based `config` is deprecated, use ConfigDict instead. Deprecated in Pydantic V2.0 to be removed in V3.0. See Pydantic V2 Migration Guide at https://errors.pydantic.dev/2.12/migration/\n    class Settings(BaseSettings):\n\n-- Docs: https://docs.pytest.org/en/stable/how-to/capture-warnings.html\n======================== 4 passed, 1 warning in 24.37s ========================\n",
      "return_code": 0,
      "status": "✅ 通过"
    },
    "标签管理功能测试": {
      "total": 2,
      "passed": 2,
      "failed": 0,
      "errors": 0,
      "success_rate": 100.0,
      "output": "============================= test session starts =============================\nplatform win32 -- Python 3.13.5, pytest-9.0.2, pluggy-1.6.0 -- C:\\Program Files\\Python313\\python.exe\ncachedir: .pytest_cache\nrootdir: D:\\myproject\\qms-nexus\nplugins: anyio-4.12.1, langsmith-0.6.8, asyncio-1.3.0, cov-7.0.0, mock-3.15.1\nasyncio: mode=Mode.STRICT, debug=False, asyncio_default_fixture_loop_scope=None, asyncio_default_test_loop_scope=function\ncollecting ... collected 2 items\n\ntests/integration/test_system_upload_qa.py::TestTagManagementSystem::test_tag_creation_and_assignment PASSED [ 50%]\ntests/integration/test_system_upload_qa.py::TestTagManagementSystem::test_document_tag_filtering PASSED [100%]\n\n============================== warnings summary ===============================\ncore\\config.py:7\n  D:\\myproject\\qms-nexus\\core\\config.py:7: PydanticDeprecatedSince20: Support for class-based `config` is deprecated, use ConfigDict instead. Deprecated in Pydantic V2.0 to be removed in V3.0. See Pydantic V2 Migration Guide at https://errors.pydantic.dev/2.12/migration/\n    class Settings(BaseSettings):\n\n-- Docs: https://docs.pytest.org/en/stable/how-to/capture-warnings.html\n======================== 2 passed, 1 warning in 1.21s =========================\n",
      "return_code": 0,
      "status": "✅ 通过"
    }
  },
  "summary": {
    "total_tests": 24,
    "passed": 15,
    "failed": 2,
    "errors": 7,
    "success_rate": 62.5
  }
}